CUENTAS ACTIVO son todos los bienes y derechos que tiene una entidad financiera:
    Cuenta de caja de disposicion inmediata
    Cuenta de banco
    Almacen
    Clientes (lo que deben los clientes)
    Deudores Diversos (Personas que deben dinero a la empresa)
    Mobiliario de la oficina, Equipo de Trasporte y Equipo de Computo(cuanto hay en estas "herramientas")
    Activos Intagibles(patentes, derechos de autor)


CUENTAS PASIVO todas las deudas que contrae una organizacion asi como obligaciones que debe cumplir:
    Proveedores - pagos a los proveedores de material o servicios
    Documentos por Pagar - pagares o letras de cambio (lo que tenemos que pagar)
    Acreedores - una deuda con una persona o organizacion distinta de los proveedores
    Impuestos por Pagar(Seguridad Social, IVA)
    Credito bancario o financiero(Prestamos que nos han echo instituciones bancarias)
    Credito Hipotecario(Pasivo a largo plazo)


CUENTAS CAPITAL
    a.) Capital contable(todas las empresas con fines de lucro)
    b.) Patrimonio contable(sin animo de lucro)
    Como saber que una cuenta es de capital y cuando no ?¿
        CAPITAL CONTRIBUIDO                                 CAPITAL GANADO
        capital social
            aportaciones de los socios                      El resultado de ejercicio(perdida o ganancia)
        aportacion del fututo aumento del capital           Resultado de ejercicios anteriores
                                                            Utilidades retenidas(ganacias no repartidas o desribuidas entre socios)
