Cuenta de Pérdidas y Ganancias (formato español, empresa industrial) Importe neto de la cifra de negocios

    +(Ventas de productos terminados - descuentos, - rebajas y - devoluciones sobre ventas)
    = Ventas Netas

    ± Variación de existencias de productos terminados y en curso de fabricación
    (Aumento o disminución del inventario final respecto al inicial)

    +Trabajos realizados por la empresa para su activo (si aplica (Fabricación de maquinaria para uso interno, Construcción de una nave o mejora de instalaciones, Desarrollo de software propio))

    + Otros ingresos de explotación (subvenciones, ingresos por alquileres, etc.)

    - Aprovisionamientos
        Compras de materias primas
        Consumo de materias primas
        Subcontrataciones
        Transporte de compras, aduanas
    = Consumo de materiales y otros suministros

    - Gastos de personal
        Sueldos y salarios directos e indirectos
        Seguridad Social a cargo de la empresa (Incluye tanto producción como administración)

    - Otros gastos de explotación
        Publicidad
        Gastos de transporte
        Servicios exteriores (teléfono, alquiler, suministros)
        Reparaciones y mantenimiento
        Primas de seguros

    - Amortización del inmovilizado (Depreciación de maquinaria, instalaciones, etc.)

    ± Deterioro y resultado por enajenación del inmovilizado (si aplica)

    = Resultado de explotación
    (Equivale a la "utilidad antes de intereses e impuestos")

    ± Resultado financiero
        Ingresos financieros (intereses ganados)
        Gastos financieros (intereses de préstamos, comisiones bancarias)

    = Resultado antes de impuestos

    - Impuesto sobre beneficios (Impuesto de sociedades)

    = Resultado del ejercicio (Beneficio o pérdida del año)